<?xml version="1.0" encoding="UTF-8"?>
<testsuite name="NIOFileAPITest" tests="1" skipped="0" failures="0" errors="0" timestamp="2022-07-06T11:20:44" hostname="DESKTOP-RUA6ENJ" time="0.275">
  <properties/>
  <testcase name="givenPathName_WhenChecked_ThenConfirm()" classname="NIOFileAPITest" time="0.275"/>
  <system-out><![CDATA[C:\Users\lenovo\PlayGround\temp1
C:\Users\lenovo\PlayGround\temp2
C:\Users\lenovo\PlayGround\temp3
C:\Users\lenovo\PlayGround\temp4
C:\Users\lenovo\PlayGround\temp5
C:\Users\lenovo\PlayGround\temp6
C:\Users\lenovo\PlayGround\temp7
C:\Users\lenovo\PlayGround\temp8
C:\Users\lenovo\PlayGround\temp9
C:\Users\lenovo\PlayGround\temp1
C:\Users\lenovo\PlayGround\temp2
C:\Users\lenovo\PlayGround\temp3
C:\Users\lenovo\PlayGround\temp4
C:\Users\lenovo\PlayGround\temp5
C:\Users\lenovo\PlayGround\temp6
C:\Users\lenovo\PlayGround\temp7
C:\Users\lenovo\PlayGround\temp8
C:\Users\lenovo\PlayGround\temp9
]]></system-out>
  <system-err><![CDATA[]]></system-err>
</testsuite>
